This file contains any messages produced by compilers while
running siteconf, to aid debugging if siteconf makes a mistake.

It was created by siteconf, which was
generated by GNU Autoconf 2.53.  Invocation command line was

  $ ./siteconf gcc-3.3 .c .o  -I/sw/include -fno-common -DPERL_DARWIN -no-cpp-precomp -fno-strict-aliasing -pipe -I/opt/local/include  


siteconf:285: checking for char
siteconf:312: gcc-3.3 -c -I/sw/include -fno-common -DPERL_DARWIN -no-cpp-precomp -fno-strict-aliasing -pipe -I/opt/local/include conftest.c >&5
siteconf:315: $? = 0
siteconf:318: test -s conftest.o
siteconf:321: $? = 0
siteconf:331: result: yes
siteconf:334: checking size of char
siteconf:612: gcc-3.3 -o conftest -I/sw/include -fno-common -DPERL_DARWIN -no-cpp-precomp -fno-strict-aliasing -pipe -I/opt/local/include  conftest.c  >&5
siteconf:615: $? = 0
siteconf:617: ./conftest
siteconf:620: $? = 0
siteconf:640: result: 1
siteconf:647: checking for short int
siteconf:674: gcc-3.3 -c -I/sw/include -fno-common -DPERL_DARWIN -no-cpp-precomp -fno-strict-aliasing -pipe -I/opt/local/include conftest.c >&5
siteconf:677: $? = 0
siteconf:680: test -s conftest.o
siteconf:683: $? = 0
siteconf:693: result: yes
siteconf:696: checking size of short int
siteconf:974: gcc-3.3 -o conftest -I/sw/include -fno-common -DPERL_DARWIN -no-cpp-precomp -fno-strict-aliasing -pipe -I/opt/local/include  conftest.c  >&5
siteconf:977: $? = 0
siteconf:979: ./conftest
siteconf:982: $? = 0
siteconf:1002: result: 2
siteconf:1009: checking for int
siteconf:1036: gcc-3.3 -c -I/sw/include -fno-common -DPERL_DARWIN -no-cpp-precomp -fno-strict-aliasing -pipe -I/opt/local/include conftest.c >&5
siteconf:1039: $? = 0
siteconf:1042: test -s conftest.o
siteconf:1045: $? = 0
siteconf:1055: result: yes
siteconf:1058: checking size of int
siteconf:1336: gcc-3.3 -o conftest -I/sw/include -fno-common -DPERL_DARWIN -no-cpp-precomp -fno-strict-aliasing -pipe -I/opt/local/include  conftest.c  >&5
siteconf:1339: $? = 0
siteconf:1341: ./conftest
siteconf:1344: $? = 0
siteconf:1364: result: 4
siteconf:1372: checking for u_intXX_t types
siteconf:1397: gcc-3.3 -c -I/sw/include -fno-common -DPERL_DARWIN -no-cpp-precomp -fno-strict-aliasing -pipe -I/opt/local/include conftest.c >&5
siteconf:1400: $? = 0
siteconf:1403: test -s conftest.o
siteconf:1406: $? = 0
siteconf:1418: result: yes
siteconf:1539: checking for uintXX_t types in stdint.h
siteconf:1560: gcc-3.3 -c -I/sw/include -fno-common -DPERL_DARWIN -no-cpp-precomp -fno-strict-aliasing -pipe -I/opt/local/include conftest.c >&5
siteconf:1563: $? = 0
siteconf:1566: test -s conftest.o
siteconf:1569: $? = 0
siteconf:1576: result: yes
siteconf:1591: checking for inet_aton
siteconf:1619: gcc-3.3 -o conftest -I/sw/include -fno-common -DPERL_DARWIN -no-cpp-precomp -fno-strict-aliasing -pipe -I/opt/local/include  conftest.c  >&5
siteconf:1622: $? = 0
siteconf:1624: ./conftest
siteconf:1627: $? = 0
siteconf:1633: result: yes
siteconf:1648: checking for inet_pton
siteconf:1676: gcc-3.3 -o conftest -I/sw/include -fno-common -DPERL_DARWIN -no-cpp-precomp -fno-strict-aliasing -pipe -I/opt/local/include  conftest.c  >&5
siteconf:1679: $? = 0
siteconf:1681: ./conftest
siteconf:1684: $? = 0
siteconf:1690: result: yes
siteconf:1706: checking ENDIANness
siteconf:1737: gcc-3.3 -o conftest -I/sw/include -fno-common -DPERL_DARWIN -no-cpp-precomp -fno-strict-aliasing -pipe -I/opt/local/include  conftest.c  >&5
siteconf:1740: $? = 0
siteconf:1742: ./conftest
siteconf:1745: $? = 0
siteconf:1751: result: BIG_ENDIAN
